<?xml version="1.0" encoding="UTF-8"?>
<testng-results ignored="0" total="2" passed="2" failed="0" skipped="0">
  <reporter-output>
  </reporter-output>
  <suite started-at="2021-06-24T23:16:56 EDT" name="Default suite" finished-at="2021-06-24T23:17:20 EDT" duration-ms="24692">
    <groups>
    </groups>
    <test started-at="2021-06-24T23:16:56 EDT" name="Default test" finished-at="2021-06-24T23:17:20 EDT" duration-ms="24692">
      <class name="auto.Class2">
        <test-method is-config="true" signature="setUpClass()[pri:0, instance:auto.Class2@6a370f4]" started-at="2021-06-24T23:16:56 EDT" name="setUpClass" finished-at="2021-06-24T23:16:56 EDT" duration-ms="26" status="PASS">
          <reporter-output>
          </reporter-output>
        </test-method> <!-- setUpClass -->
        <test-method signature="buttons()[pri:0, instance:auto.Class2@6a370f4]" started-at="2021-06-24T23:16:56 EDT" name="buttons" finished-at="2021-06-24T23:17:09 EDT" duration-ms="13114" status="PASS">
          <reporter-output>
          </reporter-output>
        </test-method> <!-- buttons -->
        <test-method signature="imagess()[pri:0, instance:auto.Class2@6a370f4]" started-at="2021-06-24T23:17:09 EDT" name="imagess" finished-at="2021-06-24T23:17:20 EDT" duration-ms="11394" status="PASS">
          <reporter-output>
          </reporter-output>
        </test-method> <!-- imagess -->
      </class> <!-- auto.Class2 -->
    </test> <!-- Default test -->
  </suite> <!-- Default suite -->
</testng-results>
